<?xml version="1.0" encoding="UTF-8" standalone="no"?>
<!DOCTYPE log SYSTEM "logger.dtd">
<log>
<record>
  <date>2018-06-07T14:39:29.892-0300</date>
  <logger>IZAQUIEL NUNES DO NASCIMENTO</logger>
  <level>FINE</level>
  <message>File 117111446-IZAQUIEL NUNES DO NASCIMENTO.zip was received. It was sent by IZAQUIEL NUNES DO NASCIMENTO from IP 192.168.43.206</message>
</record>
</log>
<?xml version="1.0" encoding="UTF-8" standalone="no"?>
<!DOCTYPE log SYSTEM "logger.dtd">
<log>
<record>
  <date>2018-06-07T22:11:27.553-0300</date>
  <logger>IZAQUIEL NUNES DO NASCIMENTO</logger>
  <level>FINE</level>
  <message>File 117111446-IZAQUIEL NUNES DO NASCIMENTO.zip was received. It was sent by IZAQUIEL NUNES DO NASCIMENTO from IP 192.168.15.8</message>
</record>
</log>
<?xml version="1.0" encoding="UTF-8" standalone="no"?>
<!DOCTYPE log SYSTEM "logger.dtd">
<log>
<record>
  <date>2018-06-08T17:57:35.433-0300</date>
  <logger>IZAQUIEL NUNES DO NASCIMENTO</logger>
  <level>FINE</level>
  <message>File 117111446-IZAQUIEL NUNES DO NASCIMENTO.zip was received. It was sent by IZAQUIEL NUNES DO NASCIMENTO from IP 192.168.0.5</message>
</record>
