<?xml version="1.0" encoding="UTF-8" standalone="no"?>
<!DOCTYPE log SYSTEM "logger.dtd">
<log>
<record>
  <date>2018-06-04T16:04:20.939-0300</date>
  <logger>IZAQUIEL NUNES DO NASCIMENTO</logger>
  <level>FINE</level>
  <message>File 117111446-IZAQUIEL NUNES DO NASCIMENTO.zip was received. It was sent by IZAQUIEL NUNES DO NASCIMENTO from IP 192.168.1.3</message>
</record>
</log>
<?xml version="1.0" encoding="UTF-8" standalone="no"?>
<!DOCTYPE log SYSTEM "logger.dtd">
<log>
<record>
  <date>2018-06-05T23:48:07.214-0300</date>
  <logger>IZAQUIEL NUNES DO NASCIMENTO</logger>
  <level>FINE</level>
  <message>File 117111446-IZAQUIEL NUNES DO NASCIMENTO.zip was received. It was sent by IZAQUIEL NUNES DO NASCIMENTO from IP 192.168.1.2</message>
</record>
</log>
<?xml version="1.0" encoding="UTF-8" standalone="no"?>
<!DOCTYPE log SYSTEM "logger.dtd">
<log>
<record>
  <date>2018-06-07T14:27:43.823-0300</date>
  <logger>IZAQUIEL NUNES DO NASCIMENTO</logger>
  <level>FINE</level>
  <message>File 117111446-IZAQUIEL NUNES DO NASCIMENTO.zip was received. It was sent by IZAQUIEL NUNES DO NASCIMENTO from IP 192.168.43.206</message>
</record>
</log>
<?xml version="1.0" encoding="UTF-8" standalone="no"?>
<!DOCTYPE log SYSTEM "logger.dtd">
<log>
<record>
  <date>2018-06-07T14:45:17.451-0300</date>
  <logger>IZAQUIEL NUNES DO NASCIMENTO</logger>
  <level>FINE</level>
  <message>File 117111446-IZAQUIEL NUNES DO NASCIMENTO.zip was received. It was sent by IZAQUIEL NUNES DO NASCIMENTO from IP 192.168.43.206</message>
</record>
</log>
<?xml version="1.0" encoding="UTF-8" standalone="no"?>
<!DOCTYPE log SYSTEM "logger.dtd">
<log>
<record>
  <date>2018-06-07T21:44:32.056-0300</date>
  <logger>IZAQUIEL NUNES DO NASCIMENTO</logger>
  <level>FINE</level>
  <message>File 117111446-IZAQUIEL NUNES DO NASCIMENTO.zip was received. It was sent by IZAQUIEL NUNES DO NASCIMENTO from IP 192.168.15.8</message>
</record>
</log>
<?xml version="1.0" encoding="UTF-8" standalone="no"?>
<!DOCTYPE log SYSTEM "logger.dtd">
<log>
<record>
  <date>2018-06-07T22:03:23.545-0300</date>
  <logger>IZAQUIEL NUNES DO NASCIMENTO</logger>
  <level>FINE</level>
  <message>File 117111446-IZAQUIEL NUNES DO NASCIMENTO.zip was received. It was sent by IZAQUIEL NUNES DO NASCIMENTO from IP 192.168.15.8</message>
</record>
