<?xml version="1.0" encoding="UTF-8" standalone="no"?>
<!DOCTYPE log SYSTEM "logger.dtd">
<log>
<record>
  <date>2018-04-26T14:11:38.522-0300</date>
  <logger>IZAQUIEL NUNES DO NASCIMENTO</logger>
  <level>FINE</level>
  <message>File 117111446-IZAQUIEL NUNES DO NASCIMENTO.zip was received. It was sent by IZAQUIEL NUNES DO NASCIMENTO from IP 150.165.42.115</message>
</record>
</log>
<?xml version="1.0" encoding="UTF-8" standalone="no"?>
<!DOCTYPE log SYSTEM "logger.dtd">
<log>
<record>
  <date>2018-05-03T20:53:22.757-0300</date>
  <logger>IZAQUIEL NUNES DO NASCIMENTO</logger>
  <level>FINE</level>
  <message>File 117111446-IZAQUIEL NUNES DO NASCIMENTO.zip was received. It was sent by IZAQUIEL NUNES DO NASCIMENTO from IP 192.168.15.2</message>
</record>
</log>
<?xml version="1.0" encoding="UTF-8" standalone="no"?>
<!DOCTYPE log SYSTEM "logger.dtd">
<log>
<record>
  <date>2018-05-03T21:09:02.463-0300</date>
  <logger>IZAQUIEL NUNES DO NASCIMENTO</logger>
  <level>FINE</level>
  <message>File 117111446-IZAQUIEL NUNES DO NASCIMENTO.zip was received. It was sent by IZAQUIEL NUNES DO NASCIMENTO from IP 192.168.15.2</message>
</record>
</log>
<?xml version="1.0" encoding="UTF-8" standalone="no"?>
<!DOCTYPE log SYSTEM "logger.dtd">
<log>
<record>
  <date>2018-05-03T21:45:53.830-0300</date>
  <logger>IZAQUIEL NUNES DO NASCIMENTO</logger>
  <level>FINE</level>
  <message>File 117111446-IZAQUIEL NUNES DO NASCIMENTO.zip was received. It was sent by IZAQUIEL NUNES DO NASCIMENTO from IP 192.168.15.2</message>
</record>
</log>
<?xml version="1.0" encoding="UTF-8" standalone="no"?>
<!DOCTYPE log SYSTEM "logger.dtd">
<log>
<record>
  <date>2018-05-04T00:09:37.685-0300</date>
  <logger>IZAQUIEL NUNES DO NASCIMENTO</logger>
  <level>FINE</level>
  <message>File 117111446-IZAQUIEL NUNES DO NASCIMENTO.zip was received. It was sent by IZAQUIEL NUNES DO NASCIMENTO from IP 192.168.15.2</message>
</record>
