<?xml version="1.0" encoding="UTF-8" standalone="no"?>
<!DOCTYPE log SYSTEM "logger.dtd">
<log>
<record>
  <date>2018-05-28T19:21:35.503-0300</date>
  <logger>IZAQUIEL NUNES DO NASCIMENTO</logger>
  <level>FINE</level>
  <message>File 117111446-IZAQUIEL NUNES DO NASCIMENTO.zip was received. It was sent by IZAQUIEL NUNES DO NASCIMENTO from IP 192.168.15.20</message>
</record>
</log>
<?xml version="1.0" encoding="UTF-8" standalone="no"?>
<!DOCTYPE log SYSTEM "logger.dtd">
<log>
<record>
  <date>2018-05-29T13:44:50.266-0300</date>
  <logger>IZAQUIEL NUNES DO NASCIMENTO</logger>
  <level>FINE</level>
  <message>File 117111446-IZAQUIEL NUNES DO NASCIMENTO.zip was received. It was sent by IZAQUIEL NUNES DO NASCIMENTO from IP 192.168.15.20</message>
</record>
</log>
<?xml version="1.0" encoding="UTF-8" standalone="no"?>
<!DOCTYPE log SYSTEM "logger.dtd">
<log>
<record>
  <date>2018-05-29T13:50:07.138-0300</date>
  <logger>IZAQUIEL NUNES DO NASCIMENTO</logger>
  <level>FINE</level>
  <message>File 117111446-IZAQUIEL NUNES DO NASCIMENTO.zip was received. It was sent by IZAQUIEL NUNES DO NASCIMENTO from IP 192.168.15.20</message>
</record>
